<?xml version="1.0" encoding="UTF-8"?>
<testng-results ignored="0" total="1" passed="1" failed="0" skipped="0">
  <reporter-output>
  </reporter-output>
  <suite started-at="2025-01-25T18:15:00 IST" name="Default suite" finished-at="2025-01-25T18:15:10 IST" duration-ms="9839">
    <groups>
    </groups>
    <test started-at="2025-01-25T18:15:00 IST" name="Default test" finished-at="2025-01-25T18:15:10 IST" duration-ms="9839">
      <class name="testCases.TC001_Login">
        <test-method is-config="true" signature="setup()[pri:0, instance:testCases.TC001_Login@6e20b53a]" started-at="2025-01-25T18:15:00 IST" name="setup" finished-at="2025-01-25T18:15:04 IST" duration-ms="3677" status="PASS">
          <reporter-output>
          </reporter-output>
        </test-method> <!-- setup -->
        <test-method signature="AccountLogin()[pri:0, instance:testCases.TC001_Login@6e20b53a]" started-at="2025-01-25T18:15:04 IST" name="AccountLogin" finished-at="2025-01-25T18:15:10 IST" duration-ms="5869" status="PASS">
          <reporter-output>
          </reporter-output>
        </test-method> <!-- AccountLogin -->
        <test-method is-config="true" signature="tearDown()[pri:0, instance:testCases.TC001_Login@6e20b53a]" started-at="2025-01-25T18:15:10 IST" name="tearDown" finished-at="2025-01-25T18:15:10 IST" duration-ms="231" status="PASS">
          <reporter-output>
          </reporter-output>
        </test-method> <!-- tearDown -->
      </class> <!-- testCases.TC001_Login -->
    </test> <!-- Default test -->
  </suite> <!-- Default suite -->
</testng-results>
