<?xml version="1.0" encoding="UTF-8"?>
<testng-results ignored="0" total="1" passed="1" failed="0" skipped="0">
  <reporter-output>
  </reporter-output>
  <suite started-at="2025-02-10T07:29:14 IST" name="Suite" finished-at="2025-02-10T07:29:29 IST" duration-ms="15033">
    <groups>
    </groups>
    <test started-at="2025-02-10T07:29:14 IST" name="Test" finished-at="2025-02-10T07:29:29 IST" duration-ms="15033">
      <class name="testCases.TC001_Login">
        <test-method is-config="true" signature="setup(java.lang.String)[pri:0, instance:testCases.TC001_Login@6dc17b83]" started-at="2025-02-10T07:29:14 IST" name="setup" finished-at="2025-02-10T07:29:21 IST" duration-ms="7145" status="PASS">
          <params>
            <param index="0">
              <value>
                <![CDATA[chrome]]>
              </value>
            </param>
          </params>
          <reporter-output>
          </reporter-output>
        </test-method> <!-- setup -->
        <test-method signature="AccountLogin()[pri:0, instance:testCases.TC001_Login@6dc17b83]" started-at="2025-02-10T07:29:21 IST" name="AccountLogin" finished-at="2025-02-10T07:29:28 IST" duration-ms="7424" status="PASS">
          <reporter-output>
          </reporter-output>
        </test-method> <!-- AccountLogin -->
        <test-method is-config="true" signature="tearDown()[pri:0, instance:testCases.TC001_Login@6dc17b83]" started-at="2025-02-10T07:29:28 IST" name="tearDown" finished-at="2025-02-10T07:29:29 IST" duration-ms="368" status="PASS">
          <reporter-output>
          </reporter-output>
        </test-method> <!-- tearDown -->
      </class> <!-- testCases.TC001_Login -->
    </test> <!-- Test -->
  </suite> <!-- Suite -->
</testng-results>
