<?xml version="1.0" encoding="UTF-8"?>
<!-- Generated by org.testng.reporters.JUnitReportReporter -->
<testsuite hostname="Ravi-Ranjan-PC" failures="0" tests="3" name="testCases.TC001_Login" time="31.265" errors="0" timestamp="2025-01-25T19:12:42 IST" skipped="0">
  <testcase classname="testCases.TC001_Login" name="AccountLogin" time="12.160"/>
  <system-out/>
  <testcase classname="testCases.TC001_Login" name="AccountLogin" time="8.402"/>
  <system-out/>
  <testcase classname="testCases.TC001_Login" name="AccountLogin" time="10.703"/>
  <system-out/>
</testsuite> <!-- testCases.TC001_Login -->
